[2016-10-19 11:23:31] local.ERROR: PDOException: SQLSTATE[HY000] [1045] Access denied for user 'homestead'@'localhost' (using password: YES) in C:\laragon\www\aut\vendor\laravel\framework\src\Illuminate\Database\Connectors\Connector.php:119
Stack trace:
#0 C:\laragon\www\aut\vendor\laravel\framework\src\Illuminate\Database\Connectors\Connector.php(119): PDO->__construct('mysql:host=127....', 'homestead', 'secret', Array)
#1 C:\laragon\www\aut\vendor\laravel\framework\src\Illuminate\Database\Connectors\Connector.php(56): Illuminate\Database\Connectors\Connector->createPdoConnection('mysql:host=127....', 'homestead', 'secret', Array)
#2 C:\laragon\www\aut\vendor\laravel\framework\src\Illuminate\Database\Connectors\MySqlConnector.php(24): Illuminate\Database\Connectors\Connector->createConnection('mysql:host=127....', Array, Array)
#3 C:\laragon\www\aut\vendor\laravel\framework\src\Illuminate\Database\Connectors\ConnectionFactory.php(100): Illuminate\Database\Connectors\MySqlConnector->connect(Array)
#4 [internal function]: Illuminate\Database\Connectors\ConnectionFactory->Illuminate\Database\Connectors\{closure}()
#5 C:\laragon\www\aut\vendor\laravel\framework\src\Illuminate\Database\Connection.php(959): call_user_func(Object(Closure))
#6 C:\laragon\www\aut\vendor\laravel\framework\src\Illuminate\Database\Connection.php(827): Illuminate\Database\Connection->getPdo()
#7 C:\laragon\www\aut\vendor\laravel\framework\src\Illuminate\Database\Connection.php(712): Illuminate\Database\Connection->reconnectIfMissingConnection()
#8 C:\laragon\www\aut\vendor\laravel\framework\src\Illuminate\Database\Connection.php(351): Illuminate\Database\Connection->run('select * from i...', Array, Object(Closure))
#9 C:\laragon\www\aut\vendor\laravel\framework\src\Illuminate\Database\Schema\MySqlBuilder.php(21): Illuminate\Database\Connection->select('select * from i...', Array)
#10 C:\laragon\www\aut\vendor\laravel\framework\src\Illuminate\Database\Migrations\DatabaseMigrationRepository.php(156): Illuminate\Database\Schema\MySqlBuilder->hasTable('migrations')
#11 C:\laragon\www\aut\vendor\laravel\framework\src\Illuminate\Database\Migrations\Migrator.php(515): Illuminate\Database\Migrations\DatabaseMigrationRepository->repositoryExists()
#12 C:\laragon\www\aut\vendor\laravel\framework\src\Illuminate\Database\Console\Migrations\MigrateCommand.php(92): Illuminate\Database\Migrations\Migrator->repositoryExists()
#13 C:\laragon\www\aut\vendor\laravel\framework\src\Illuminate\Database\Console\Migrations\MigrateCommand.php(58): Illuminate\Database\Console\Migrations\MigrateCommand->prepareDatabase()
#14 [internal function]: Illuminate\Database\Console\Migrations\MigrateCommand->fire()
#15 C:\laragon\www\aut\vendor\laravel\framework\src\Illuminate\Container\Container.php(508): call_user_func_array(Array, Array)
#16 C:\laragon\www\aut\vendor\laravel\framework\src\Illuminate\Console\Command.php(169): Illuminate\Container\Container->call(Array)
#17 C:\laragon\www\aut\vendor\symfony\console\Command\Command.php(256): Illuminate\Console\Command->execute(Object(Symfony\Component\Console\Input\ArgvInput), Object(Symfony\Component\Console\Output\ConsoleOutput))
#18 C:\laragon\www\aut\vendor\laravel\framework\src\Illuminate\Console\Command.php(155): Symfony\Component\Console\Command\Command->run(Object(Symfony\Component\Console\Input\ArgvInput), Object(Symfony\Component\Console\Output\ConsoleOutput))
#19 C:\laragon\www\aut\vendor\symfony\console\Application.php(820): Illuminate\Console\Command->run(Object(Symfony\Component\Console\Input\ArgvInput), Object(Symfony\Component\Console\Output\ConsoleOutput))
#20 C:\laragon\www\aut\vendor\symfony\console\Application.php(187): Symfony\Component\Console\Application->doRunCommand(Object(Illuminate\Database\Console\Migrations\MigrateCommand), Object(Symfony\Component\Console\Input\ArgvInput), Object(Symfony\Component\Console\Output\ConsoleOutput))
#21 C:\laragon\www\aut\vendor\symfony\console\Application.php(118): Symfony\Component\Console\Application->doRun(Object(Symfony\Component\Console\Input\ArgvInput), Object(Symfony\Component\Console\Output\ConsoleOutput))
#22 C:\laragon\www\aut\vendor\laravel\framework\src\Illuminate\Foundation\Console\Kernel.php(122): Symfony\Component\Console\Application->run(Object(Symfony\Component\Console\Input\ArgvInput), Object(Symfony\Component\Console\Output\ConsoleOutput))
#23 C:\laragon\www\aut\artisan(35): Illuminate\Foundation\Console\Kernel->handle(Object(Symfony\Component\Console\Input\ArgvInput), Object(Symfony\Component\Console\Output\ConsoleOutput))
#24 {main}  
[2016-10-19 11:23:59] local.ERROR: Symfony\Component\Console\Exception\RuntimeException: Too many arguments, expected arguments "command". in C:\laragon\www\aut\vendor\symfony\console\Input\ArgvInput.php:184
Stack trace:
#0 C:\laragon\www\aut\vendor\symfony\console\Input\ArgvInput.php(88): Symfony\Component\Console\Input\ArgvInput->parseArgument('YES')
#1 C:\laragon\www\aut\vendor\symfony\console\Input\Input.php(62): Symfony\Component\Console\Input\ArgvInput->parse()
#2 C:\laragon\www\aut\vendor\symfony\console\Command\Command.php(221): Symfony\Component\Console\Input\Input->bind(Object(Symfony\Component\Console\Input\InputDefinition))
#3 C:\laragon\www\aut\vendor\laravel\framework\src\Illuminate\Console\Command.php(155): Symfony\Component\Console\Command\Command->run(Object(Symfony\Component\Console\Input\ArgvInput), Object(Symfony\Component\Console\Output\ConsoleOutput))
#4 C:\laragon\www\aut\vendor\symfony\console\Application.php(820): Illuminate\Console\Command->run(Object(Symfony\Component\Console\Input\ArgvInput), Object(Symfony\Component\Console\Output\ConsoleOutput))
#5 C:\laragon\www\aut\vendor\symfony\console\Application.php(187): Symfony\Component\Console\Application->doRunCommand(Object(Illuminate\Database\Console\Migrations\MigrateCommand), Object(Symfony\Component\Console\Input\ArgvInput), Object(Symfony\Component\Console\Output\ConsoleOutput))
#6 C:\laragon\www\aut\vendor\symfony\console\Application.php(118): Symfony\Component\Console\Application->doRun(Object(Symfony\Component\Console\Input\ArgvInput), Object(Symfony\Component\Console\Output\ConsoleOutput))
#7 C:\laragon\www\aut\vendor\laravel\framework\src\Illuminate\Foundation\Console\Kernel.php(122): Symfony\Component\Console\Application->run(Object(Symfony\Component\Console\Input\ArgvInput), Object(Symfony\Component\Console\Output\ConsoleOutput))
#8 C:\laragon\www\aut\artisan(35): Illuminate\Foundation\Console\Kernel->handle(Object(Symfony\Component\Console\Input\ArgvInput), Object(Symfony\Component\Console\Output\ConsoleOutput))
#9 {main}  
[2016-10-19 11:24:03] local.ERROR: PDOException: SQLSTATE[HY000] [1045] Access denied for user 'homestead'@'localhost' (using password: YES) in C:\laragon\www\aut\vendor\laravel\framework\src\Illuminate\Database\Connectors\Connector.php:119
Stack trace:
#0 C:\laragon\www\aut\vendor\laravel\framework\src\Illuminate\Database\Connectors\Connector.php(119): PDO->__construct('mysql:host=127....', 'homestead', 'secret', Array)
#1 C:\laragon\www\aut\vendor\laravel\framework\src\Illuminate\Database\Connectors\Connector.php(56): Illuminate\Database\Connectors\Connector->createPdoConnection('mysql:host=127....', 'homestead', 'secret', Array)
#2 C:\laragon\www\aut\vendor\laravel\framework\src\Illuminate\Database\Connectors\MySqlConnector.php(24): Illuminate\Database\Connectors\Connector->createConnection('mysql:host=127....', Array, Array)
#3 C:\laragon\www\aut\vendor\laravel\framework\src\Illuminate\Database\Connectors\ConnectionFactory.php(100): Illuminate\Database\Connectors\MySqlConnector->connect(Array)
#4 [internal function]: Illuminate\Database\Connectors\ConnectionFactory->Illuminate\Database\Connectors\{closure}()
#5 C:\laragon\www\aut\vendor\laravel\framework\src\Illuminate\Database\Connection.php(959): call_user_func(Object(Closure))
#6 C:\laragon\www\aut\vendor\laravel\framework\src\Illuminate\Database\Connection.php(827): Illuminate\Database\Connection->getPdo()
#7 C:\laragon\www\aut\vendor\laravel\framework\src\Illuminate\Database\Connection.php(712): Illuminate\Database\Connection->reconnectIfMissingConnection()
#8 C:\laragon\www\aut\vendor\laravel\framework\src\Illuminate\Database\Connection.php(351): Illuminate\Database\Connection->run('select * from i...', Array, Object(Closure))
#9 C:\laragon\www\aut\vendor\laravel\framework\src\Illuminate\Database\Schema\MySqlBuilder.php(21): Illuminate\Database\Connection->select('select * from i...', Array)
#10 C:\laragon\www\aut\vendor\laravel\framework\src\Illuminate\Database\Migrations\DatabaseMigrationRepository.php(156): Illuminate\Database\Schema\MySqlBuilder->hasTable('migrations')
#11 C:\laragon\www\aut\vendor\laravel\framework\src\Illuminate\Database\Migrations\Migrator.php(515): Illuminate\Database\Migrations\DatabaseMigrationRepository->repositoryExists()
#12 C:\laragon\www\aut\vendor\laravel\framework\src\Illuminate\Database\Console\Migrations\MigrateCommand.php(92): Illuminate\Database\Migrations\Migrator->repositoryExists()
#13 C:\laragon\www\aut\vendor\laravel\framework\src\Illuminate\Database\Console\Migrations\MigrateCommand.php(58): Illuminate\Database\Console\Migrations\MigrateCommand->prepareDatabase()
#14 [internal function]: Illuminate\Database\Console\Migrations\MigrateCommand->fire()
#15 C:\laragon\www\aut\vendor\laravel\framework\src\Illuminate\Container\Container.php(508): call_user_func_array(Array, Array)
#16 C:\laragon\www\aut\vendor\laravel\framework\src\Illuminate\Console\Command.php(169): Illuminate\Container\Container->call(Array)
#17 C:\laragon\www\aut\vendor\symfony\console\Command\Command.php(256): Illuminate\Console\Command->execute(Object(Symfony\Component\Console\Input\ArgvInput), Object(Symfony\Component\Console\Output\ConsoleOutput))
#18 C:\laragon\www\aut\vendor\laravel\framework\src\Illuminate\Console\Command.php(155): Symfony\Component\Console\Command\Command->run(Object(Symfony\Component\Console\Input\ArgvInput), Object(Symfony\Component\Console\Output\ConsoleOutput))
#19 C:\laragon\www\aut\vendor\symfony\console\Application.php(820): Illuminate\Console\Command->run(Object(Symfony\Component\Console\Input\ArgvInput), Object(Symfony\Component\Console\Output\ConsoleOutput))
#20 C:\laragon\www\aut\vendor\symfony\console\Application.php(187): Symfony\Component\Console\Application->doRunCommand(Object(Illuminate\Database\Console\Migrations\MigrateCommand), Object(Symfony\Component\Console\Input\ArgvInput), Object(Symfony\Component\Console\Output\ConsoleOutput))
#21 C:\laragon\www\aut\vendor\symfony\console\Application.php(118): Symfony\Component\Console\Application->doRun(Object(Symfony\Component\Console\Input\ArgvInput), Object(Symfony\Component\Console\Output\ConsoleOutput))
#22 C:\laragon\www\aut\vendor\laravel\framework\src\Illuminate\Foundation\Console\Kernel.php(122): Symfony\Component\Console\Application->run(Object(Symfony\Component\Console\Input\ArgvInput), Object(Symfony\Component\Console\Output\ConsoleOutput))
#23 C:\laragon\www\aut\artisan(35): Illuminate\Foundation\Console\Kernel->handle(Object(Symfony\Component\Console\Input\ArgvInput), Object(Symfony\Component\Console\Output\ConsoleOutput))
#24 {main}  
[2016-10-19 11:27:46] local.ERROR: PDOException: SQLSTATE[HY000] [1045] Access denied for user 'homestead'@'localhost' (using password: YES) in C:\laragon\www\aut\vendor\laravel\framework\src\Illuminate\Database\Connectors\Connector.php:119
Stack trace:
#0 C:\laragon\www\aut\vendor\laravel\framework\src\Illuminate\Database\Connectors\Connector.php(119): PDO->__construct('mysql:host=127....', 'homestead', 'secret', Array)
#1 C:\laragon\www\aut\vendor\laravel\framework\src\Illuminate\Database\Connectors\Connector.php(56): Illuminate\Database\Connectors\Connector->createPdoConnection('mysql:host=127....', 'homestead', 'secret', Array)
#2 C:\laragon\www\aut\vendor\laravel\framework\src\Illuminate\Database\Connectors\MySqlConnector.php(24): Illuminate\Database\Connectors\Connector->createConnection('mysql:host=127....', Array, Array)
#3 C:\laragon\www\aut\vendor\laravel\framework\src\Illuminate\Database\Connectors\ConnectionFactory.php(100): Illuminate\Database\Connectors\MySqlConnector->connect(Array)
#4 [internal function]: Illuminate\Database\Connectors\ConnectionFactory->Illuminate\Database\Connectors\{closure}()
#5 C:\laragon\www\aut\vendor\laravel\framework\src\Illuminate\Database\Connection.php(959): call_user_func(Object(Closure))
#6 C:\laragon\www\aut\vendor\laravel\framework\src\Illuminate\Database\Connection.php(827): Illuminate\Database\Connection->getPdo()
#7 C:\laragon\www\aut\vendor\laravel\framework\src\Illuminate\Database\Connection.php(712): Illuminate\Database\Connection->reconnectIfMissingConnection()
#8 C:\laragon\www\aut\vendor\laravel\framework\src\Illuminate\Database\Connection.php(351): Illuminate\Database\Connection->run('select * from i...', Array, Object(Closure))
#9 C:\laragon\www\aut\vendor\laravel\framework\src\Illuminate\Database\Schema\MySqlBuilder.php(21): Illuminate\Database\Connection->select('select * from i...', Array)
#10 C:\laragon\www\aut\vendor\laravel\framework\src\Illuminate\Database\Migrations\DatabaseMigrationRepository.php(156): Illuminate\Database\Schema\MySqlBuilder->hasTable('migrations')
#11 C:\laragon\www\aut\vendor\laravel\framework\src\Illuminate\Database\Migrations\Migrator.php(515): Illuminate\Database\Migrations\DatabaseMigrationRepository->repositoryExists()
#12 C:\laragon\www\aut\vendor\laravel\framework\src\Illuminate\Database\Console\Migrations\MigrateCommand.php(92): Illuminate\Database\Migrations\Migrator->repositoryExists()
#13 C:\laragon\www\aut\vendor\laravel\framework\src\Illuminate\Database\Console\Migrations\MigrateCommand.php(58): Illuminate\Database\Console\Migrations\MigrateCommand->prepareDatabase()
#14 [internal function]: Illuminate\Database\Console\Migrations\MigrateCommand->fire()
#15 C:\laragon\www\aut\vendor\laravel\framework\src\Illuminate\Container\Container.php(508): call_user_func_array(Array, Array)
#16 C:\laragon\www\aut\vendor\laravel\framework\src\Illuminate\Console\Command.php(169): Illuminate\Container\Container->call(Array)
#17 C:\laragon\www\aut\vendor\symfony\console\Command\Command.php(256): Illuminate\Console\Command->execute(Object(Symfony\Component\Console\Input\ArgvInput), Object(Symfony\Component\Console\Output\ConsoleOutput))
#18 C:\laragon\www\aut\vendor\laravel\framework\src\Illuminate\Console\Command.php(155): Symfony\Component\Console\Command\Command->run(Object(Symfony\Component\Console\Input\ArgvInput), Object(Symfony\Component\Console\Output\ConsoleOutput))
#19 C:\laragon\www\aut\vendor\symfony\console\Application.php(820): Illuminate\Console\Command->run(Object(Symfony\Component\Console\Input\ArgvInput), Object(Symfony\Component\Console\Output\ConsoleOutput))
#20 C:\laragon\www\aut\vendor\symfony\console\Application.php(187): Symfony\Component\Console\Application->doRunCommand(Object(Illuminate\Database\Console\Migrations\MigrateCommand), Object(Symfony\Component\Console\Input\ArgvInput), Object(Symfony\Component\Console\Output\ConsoleOutput))
#21 C:\laragon\www\aut\vendor\symfony\console\Application.php(118): Symfony\Component\Console\Application->doRun(Object(Symfony\Component\Console\Input\ArgvInput), Object(Symfony\Component\Console\Output\ConsoleOutput))
#22 C:\laragon\www\aut\vendor\laravel\framework\src\Illuminate\Foundation\Console\Kernel.php(122): Symfony\Component\Console\Application->run(Object(Symfony\Component\Console\Input\ArgvInput), Object(Symfony\Component\Console\Output\ConsoleOutput))
#23 C:\laragon\www\aut\artisan(35): Illuminate\Foundation\Console\Kernel->handle(Object(Symfony\Component\Console\Input\ArgvInput), Object(Symfony\Component\Console\Output\ConsoleOutput))
#24 {main}  
